<?xml version="1.0" encoding="UTF-8"?>
<testsuite xmlns:xsi="http://www.w3.org/2001/XMLSchema-instance" xsi:noNamespaceSchemaLocation="https://maven.apache.org/surefire/maven-surefire-plugin/xsd/surefire-test-report.xsd" name="com.weloveeat.services.OrderServiceTest" time="0.249" tests="8" errors="4" skipped="0" failures="4">
  <properties>
[...]
</properties>
  <testcase name="promoMuitaCarne" classname="com.weloveeat.services.OrderServiceTest" time="0.165">
    <failure message="expected:&lt;[7.5]&gt; but was:&lt;[0.00]&gt;" type="org.junit.ComparisonFailure"><![CDATA[org.junit.ComparisonFailure: expected:<[7.5]> but was:<[0.00]>
	at com.weloveeat.services.OrderServiceTest.promoMuitaCarne(OrderServiceTest.java:95)
]]></failure>
  </testcase>
  <testcase name="customizedOrderPrice" classname="com.weloveeat.services.OrderServiceTest" time="0">
    <failure message="expected:&lt;15.4[000000000000003552713678800500929355621337890625]&gt; but was:&lt;15.4[]&gt;" type="org.junit.ComparisonFailure"><![CDATA[org.junit.ComparisonFailure: expected:<15.4[000000000000003552713678800500929355621337890625]> but was:<15.4[]>
	at com.weloveeat.services.OrderServiceTest.customizedOrderPrice(OrderServiceTest.java:79)
]]></failure>
  </testcase>
  <testcase name="xEggBaconMenuPrice" classname="com.weloveeat.services.OrderServiceTest" time="0.001">
    <error type="java.lang.NullPointerException">java.lang.NullPointerException
	at com.weloveeat.services.OrderServiceTest.xEggBaconMenuPrice(OrderServiceTest.java:63)
</error>
  </testcase>
  <testcase name="xBurgerMenuPrice" classname="com.weloveeat.services.OrderServiceTest" time="0">
    <error type="java.lang.NullPointerException">java.lang.NullPointerException
	at com.weloveeat.services.OrderServiceTest.xBurgerMenuPrice(OrderServiceTest.java:43)
</error>
  </testcase>
  <testcase name="xEggMenuPrice" classname="com.weloveeat.services.OrderServiceTest" time="0.001">
    <error type="java.lang.NullPointerException">java.lang.NullPointerException
	at com.weloveeat.services.OrderServiceTest.xEggMenuPrice(OrderServiceTest.java:53)
</error>
  </testcase>
  <testcase name="promoLight" classname="com.weloveeat.services.OrderServiceTest" time="0">
    <failure message="expected:&lt;4.41[0000000000000142108547152020037174224853515625]&gt; but was:&lt;4.41[]&gt;" type="org.junit.ComparisonFailure"><![CDATA[org.junit.ComparisonFailure: expected:<4.41[0000000000000142108547152020037174224853515625]> but was:<4.41[]>
	at com.weloveeat.services.OrderServiceTest.promoLight(OrderServiceTest.java:125)
]]></failure>
  </testcase>
  <testcase name="xBaconMenuPrice" classname="com.weloveeat.services.OrderServiceTest" time="0.001">
    <error type="java.lang.NullPointerException">java.lang.NullPointerException
	at com.weloveeat.services.OrderServiceTest.xBaconMenuPrice(OrderServiceTest.java:31)
</error>
  </testcase>
  <testcase name="promoMuitoQueijo" classname="com.weloveeat.services.OrderServiceTest" time="0">
    <failure message="expected:&lt;[6]&gt; but was:&lt;[0.00]&gt;" type="org.junit.ComparisonFailure"><![CDATA[org.junit.ComparisonFailure: expected:<[6]> but was:<[0.00]>
	at com.weloveeat.services.OrderServiceTest.promoMuitoQueijo(OrderServiceTest.java:110)
]]></failure>
  </testcase>
</testsuite>